Server starting at 2026-01-29T04:16:26.898Z
Core requires done
Models required done
Server listening on 5005
MongoDB connected
Core requires done
Models required done
Server listening on 5005
MongoDB connected
Core requires done
Models required done
Server listening on 5005
MongoDB connected
Core requires done
Models required done
Mounting API routes...
Mounting Customer and Settings routes...
Routes mounted.
Server listening on 5005
MongoDB connected
Core requires done
Models required done
Mounting API routes...
Mounting Customer and Settings routes...
Routes mounted.
Server listening on 5005
MongoDB connected
Core requires done
Models required done
Mounting API routes...
Mounting Customer and Settings routes...
Routes mounted.
Server listening on 5005
MongoDB connected
Core requires done
Models required done
Mounting API routes...
Mounting Customer and Settings routes...
Routes mounted.
Server listening on 5005
MongoDB connected
Core requires done
Models required done
Mounting API routes...
Mounting Customer and Settings routes...
Routes mounted.
Server listening on 5005
MongoDB connected
Core requires done
Models required done
Mounting API routes...
Mounting Customer and Settings routes...
Routes mounted.
Server listening on 5005
MongoDB connected
Core requires done
Models required done
Mounting API routes...
Mounting Customer and Settings routes...
Routes mounted.
Core requires done
Models required done
Mounting API routes...
Mounting Customer and Settings routes...
Routes mounted.
Server listening on 5005
MongoDB connected
Core requires done
Models required done
Mounting API routes...
Mounting Customer and Settings routes...
Routes mounted.
Server listening on 5005
MongoDB connected
Core requires done
Models required done
Mounting API routes...
Mounting Customer and Settings routes...
Routes mounted.
Server listening on 5005
MongoDB connected
Core requires done
Models required done
Mounting API routes...
Mounting Customer and Settings routes...
Routes mounted.
Server listening on 5005
MongoDB connected
Core requires done
Models required done
Mounting API routes...
Mounting Customer and Settings routes...
Routes mounted.
Core requires done
Models required done
Mounting API routes...
Mounting Customer and Settings routes...
Routes mounted.
Core requires done
Models required done
Mounting API routes...
Mounting Customer and Settings routes...
Routes mounted.
Server listening on 5005
MongoDB connected
Core requires done
Models required done
Mounting API routes...
Mounting Customer and Settings routes...
Routes mounted.
Server listening on 5005
MongoDB connected
Core requires done
Models required done
Mounting API routes...
Mounting Customer and Settings routes...
Routes mounted.
Server listening on 5005
MongoDB connected
Core requires done
Models required done
Mounting API routes...
Mounting Customer and Settings routes...
Routes mounted.
Server listening on 5005
MongoDB connected
Core requires done
Models required done
Mounting API routes...
Mounting Customer and Settings routes...
Routes mounted.
Server listening on 5005
MongoDB connected
Core requires done
Models required done
Mounting API routes...
Mounting Customer and Settings routes...
Routes mounted.
Server listening on 5005
MongoDB connected
Core requires done
Models required done
Mounting API routes...
Mounting Customer and Settings routes...
Routes mounted.
Server listening on 5005
MongoDB connected
Core requires done
Models required done
Mounting API routes...
Mounting Customer and Settings routes...
Routes mounted.
Server listening on 5005
MongoDB connected
Core requires done
Models required done
Mounting API routes...
Mounting Customer and Settings routes...
Routes mounted.
Server listening on 5005
MongoDB error: querySrv ETIMEOUT _mongodb._tcp.cluster0.p53ob.mongodb.net
Core requires done
Models required done
Mounting API routes...
Mounting Customer and Settings routes...
Routes mounted.
Server listening on 5005
MongoDB connected
Core requires done
Models required done
Mounting API routes...
Mounting Customer and Settings routes...
Routes mounted.
Server listening on 5005
MongoDB connected
Core requires done
Models required done
Mounting API routes...
Mounting Customer and Settings routes...
Routes mounted.
Server listening on 5005
MongoDB connected
Core requires done
Models required done
Mounting API routes...
Mounting Customer and Settings routes...
Routes mounted.
Server listening on 5005
MongoDB connected
Core requires done
Models required done
Mounting API routes...
Mounting Customer and Settings routes...
Routes mounted.
Server listening on 5005
MongoDB connected
Core requires done
Models required done
Mounting API routes...
Mounting Customer and Settings routes...
Routes mounted.
Server listening on 5005
MongoDB connected
Core requires done
Models required done
Mounting API routes...
Mounting Customer and Settings routes...
Routes mounted.
Server listening on 5005
MongoDB connected
Core requires done
Models required done
Mounting API routes...
Mounting Customer and Settings routes...
Routes mounted.
Server listening on 5005
MongoDB connected
Core requires done
Models required done
Mounting API routes...
Mounting Customer and Settings routes...
Routes mounted.
Server listening on 5005
MongoDB connected
Core requires done
Models required done
Core requires done
Models required done
Core requires done
Models required done
Mounting API routes...
Mounting Customer and Settings routes...
Routes mounted.
Server listening on 5005
MongoDB connected
Core requires done
Models required done
Mounting API routes...
Mounting Customer and Settings routes...
Routes mounted.
Server listening on 5005
MongoDB connected
Core requires done
Models required done
Mounting API routes...
Mounting Customer and Settings routes...
Routes mounted.
Server listening on 5005
MongoDB connected
Core requires done
Models required done
Mounting API routes...
Mounting Customer and Settings routes...
Routes mounted.
Server listening on 5005
MongoDB connected
